# JRE version: Java(TM) SE Runtime Environment (17.0.17+8) (build 17.0.17+8-LTS-360)
# Java VM: Java HotSpot(TM) 64-Bit Server VM (17.0.17+8-LTS-360, mixed mode, sharing, tiered, compressed oops, compressed class ptrs, g1 gc, windows-amd64)
GC Precious Log:
 CPUs: 8 total, 8 available
 Memory: 15293M
 Large Page Support: Disabled
 NUMA Support: Disabled
 Compressed Oops: Enabled (Zero based)
 Heap Region Size: 2M
 Heap Min Capacity: 8M
 Heap Initial Capacity: 240M
 Heap Max Capacity: 4G
 Pre-touch: Disabled
 Parallel Workers: 8
 Concurrent Workers: 2
 Concurrent Refinement Workers: 8
 Periodic GC: Disabled
Heap:
 garbage-first heap   total 628736K, used 342016K [0x0000000700000000, 0x0000000800000000)
  region size 2048K, 2 young (4096K), 2 survivors (4096K)
 Metaspace       used 119940K, committed 121728K, reserved 1179648K
  class space    used 16706K, committed 17536K, reserved 1048576K
GC Heap History (20 events):
Event: 162.160 GC heap after
{Heap after GC invocations=48 (full 0):
 garbage-first heap   total 552960K, used 184591K [0x0000000700000000, 0x0000000800000000)
  region size 2048K, 2 young (4096K), 2 survivors (4096K)
 Metaspace       used 103503K, committed 104960K, reserved 1179648K
  class space    used 14445K, committed 15168K, reserved 1048576K
}
Event: 164.994 GC heap before
{Heap before GC invocations=48 (full 0):
 garbage-first heap   total 552960K, used 422159K [0x0000000700000000, 0x0000000800000000)
  region size 2048K, 118 young (241664K), 2 survivors (4096K)
 Metaspace       used 104050K, committed 105600K, reserved 1179648K
  class space    used 14505K, committed 15232K, reserved 1048576K
}
Event: 165.013 GC heap after
{Heap after GC invocations=49 (full 0):
 garbage-first heap   total 552960K, used 203062K [0x0000000700000000, 0x0000000800000000)
  region size 2048K, 11 young (22528K), 11 survivors (22528K)
 Metaspace       used 104050K, committed 105600K, reserved 1179648K
  class space    used 14505K, committed 15232K, reserved 1048576K
}
Event: 169.889 GC heap before
{Heap before GC invocations=49 (full 0):
 garbage-first heap   total 552960K, used 430390K [0x0000000700000000, 0x0000000800000000)
  region size 2048K, 122 young (249856K), 11 survivors (22528K)
 Metaspace       used 106989K, committed 108608K, reserved 1179648K
  class space    used 14893K, committed 15680K, reserved 1048576K
}
Event: 169.921 GC heap after
{Heap after GC invocations=50 (full 0):
 garbage-first heap   total 552960K, used 224589K [0x0000000700000000, 0x0000000800000000)
  region size 2048K, 12 young (24576K), 12 survivors (24576K)
 Metaspace       used 106989K, committed 108608K, reserved 1179648K
  class space    used 14893K, committed 15680K, reserved 1048576K
}
Event: 174.291 GC heap before
{Heap before GC invocations=50 (full 0):
 garbage-first heap   total 552960K, used 435533K [0x0000000700000000, 0x0000000800000000)
  region size 2048K, 115 young (235520K), 12 survivors (24576K)
 Metaspace       used 113911K, committed 115584K, reserved 1179648K
  class space    used 15958K, committed 16768K, reserved 1048576K
}
Event: 174.317 GC heap after
{Heap after GC invocations=51 (full 0):
 garbage-first heap   total 552960K, used 236432K [0x0000000700000000, 0x0000000800000000)
  region size 2048K, 7 young (14336K), 7 survivors (14336K)
 Metaspace       used 113911K, committed 115584K, reserved 1179648K
  class space    used 15958K, committed 16768K, reserved 1048576K
}
Event: 177.089 GC heap before
{Heap before GC invocations=52 (full 0):
 garbage-first heap   total 552960K, used 445328K [0x0000000700000000, 0x0000000800000000)
  region size 2048K, 109 young (223232K), 7 survivors (14336K)
 Metaspace       used 118728K, committed 120448K, reserved 1179648K
  class space    used 16609K, committed 17408K, reserved 1048576K
}
Event: 177.112 GC heap after
{Heap after GC invocations=53 (full 0):
 garbage-first heap   total 552960K, used 247095K [0x0000000700000000, 0x0000000800000000)
  region size 2048K, 12 young (24576K), 12 survivors (24576K)
 Metaspace       used 118728K, committed 120448K, reserved 1179648K
  class space    used 16609K, committed 17408K, reserved 1048576K
}
Event: 177.128 GC heap before
{Heap before GC invocations=53 (full 0):
 garbage-first heap   total 552960K, used 249143K [0x0000000700000000, 0x0000000800000000)
  region size 2048K, 13 young (26624K), 12 survivors (24576K)
 Metaspace       used 118732K, committed 120448K, reserved 1179648K
  class space    used 16609K, committed 17408K, reserved 1048576K
}
Event: 177.152 GC heap after
{Heap after GC invocations=54 (full 0):
 garbage-first heap   total 552960K, used 248363K [0x0000000700000000, 0x0000000800000000)
  region size 2048K, 2 young (4096K), 2 survivors (4096K)
 Metaspace       used 118732K, committed 120448K, reserved 1179648K
  class space    used 16609K, committed 17408K, reserved 1048576K
}
Event: 179.138 GC heap before
{Heap before GC invocations=54 (full 0):
 garbage-first heap   total 552960K, used 451115K [0x0000000700000000, 0x0000000800000000)
  region size 2048K, 101 young (206848K), 2 survivors (4096K)
 Metaspace       used 119266K, committed 121024K, reserved 1179648K
  class space    used 16665K, committed 17472K, reserved 1048576K
}
Event: 179.163 GC heap after
{Heap after GC invocations=55 (full 0):
 garbage-first heap   total 552960K, used 267471K [0x0000000700000000, 0x0000000800000000)
  region size 2048K, 11 young (22528K), 11 survivors (22528K)
 Metaspace       used 119266K, committed 121024K, reserved 1179648K
  class space    used 16665K, committed 17472K, reserved 1048576K
}
Event: 180.472 GC heap before
{Heap before GC invocations=55 (full 0):
 garbage-first heap   total 552960K, used 451791K [0x0000000700000000, 0x0000000800000000)
  region size 2048K, 101 young (206848K), 11 survivors (22528K)
 Metaspace       used 119555K, committed 121344K, reserved 1179648K
  class space    used 16687K, committed 17536K, reserved 1048576K
}
Event: 180.534 GC heap after
{Heap after GC invocations=56 (full 0):
 garbage-first heap   total 552960K, used 292988K [0x0000000700000000, 0x0000000800000000)
  region size 2048K, 13 young (26624K), 13 survivors (26624K)
 Metaspace       used 119555K, committed 121344K, reserved 1179648K
  class space    used 16687K, committed 17536K, reserved 1048576K
}
Event: 181.706 GC heap before
{Heap before GC invocations=56 (full 0):
 garbage-first heap   total 552960K, used 446588K [0x0000000700000000, 0x0000000800000000)
  region size 2048K, 88 young (180224K), 13 survivors (26624K)
 Metaspace       used 119801K, committed 121536K, reserved 1179648K
  class space    used 16704K, committed 17536K, reserved 1048576K
}
Event: 181.755 GC heap after
{Heap after GC invocations=57 (full 0):
 garbage-first heap   total 552960K, used 317063K [0x0000000700000000, 0x0000000800000000)
  region size 2048K, 11 young (22528K), 11 survivors (22528K)
 Metaspace       used 119801K, committed 121536K, reserved 1179648K
  class space    used 16704K, committed 17536K, reserved 1048576K
}
Event: 182.874 GC heap before
{Heap before GC invocations=58 (full 0):
 garbage-first heap   total 628736K, used 446087K [0x0000000700000000, 0x0000000800000000)
  region size 2048K, 74 young (151552K), 11 survivors (22528K)
 Metaspace       used 119924K, committed 121664K, reserved 1179648K
  class space    used 16706K, committed 17536K, reserved 1048576K
}
Event: 182.925 GC heap after
{Heap after GC invocations=59 (full 0):
 garbage-first heap   total 628736K, used 339968K [0x0000000700000000, 0x0000000800000000)
  region size 2048K, 10 young (20480K), 10 survivors (20480K)
 Metaspace       used 119924K, committed 121664K, reserved 1179648K
  class space    used 16706K, committed 17536K, reserved 1048576K
}
Event: 182.989 GC heap before
{Heap before GC invocations=59 (full 0):
 garbage-first heap   total 628736K, used 350208K [0x0000000700000000, 0x0000000800000000)
  region size 2048K, 15 young (30720K), 10 survivors (20480K)
 Metaspace       used 119940K, committed 121728K, reserved 1179648K
  class space    used 16706K, committed 17536K, reserved 1048576K
}

